Nov 26, 2018 2:38:06 PM org.apache.catalina.startup.VersionLoggerListener log
INFORMATION: Server version:        Apache Tomcat (TomEE)/7.0.81 (1.7.5)
Nov 26, 2018 2:38:06 PM org.apache.catalina.startup.VersionLoggerListener log
INFORMATION: Server built:          Aug 11 2017 10:21:27 UTC
Nov 26, 2018 2:38:06 PM org.apache.catalina.startup.VersionLoggerListener log
INFORMATION: Server number:         7.0.81.0
Nov 26, 2018 2:38:06 PM org.apache.catalina.startup.VersionLoggerListener log
INFORMATION: OS Name:               Windows 10
Nov 26, 2018 2:38:06 PM org.apache.catalina.startup.VersionLoggerListener log
INFORMATION: OS Version:            10.0
Nov 26, 2018 2:38:06 PM org.apache.catalina.startup.VersionLoggerListener log
INFORMATION: Architecture:          amd64
Nov 26, 2018 2:38:06 PM org.apache.catalina.startup.VersionLoggerListener log
INFORMATION: Java Home:             C:\Program Files\Java\jdk1.8.0_191\jre
Nov 26, 2018 2:38:06 PM org.apache.catalina.startup.VersionLoggerListener log
INFORMATION: JVM Version:           1.8.0_191-b12
Nov 26, 2018 2:38:06 PM org.apache.catalina.startup.VersionLoggerListener log
INFORMATION: JVM Vendor:            Oracle Corporation
Nov 26, 2018 2:38:06 PM org.apache.catalina.startup.VersionLoggerListener log
INFORMATION: CATALINA_BASE:         C:\opensap\address-manager\application\target\apache-tomee
Nov 26, 2018 2:38:06 PM org.apache.catalina.startup.VersionLoggerListener log
INFORMATION: CATALINA_HOME:         C:\opensap\address-manager\application\target\apache-tomee
Nov 26, 2018 2:38:06 PM org.apache.catalina.startup.VersionLoggerListener log
INFORMATION: Command line argument: -XX:+HeapDumpOnOutOfMemoryError
Nov 26, 2018 2:38:06 PM org.apache.catalina.startup.VersionLoggerListener log
INFORMATION: Command line argument: -Dorg.apache.catalina.STRICT_SERVLET_COMPLIANCE=false
Nov 26, 2018 2:38:06 PM org.apache.catalina.startup.VersionLoggerListener log
INFORMATION: Command line argument: -Dopenejb.session.manager=org.apache.tomee.catalina.session.QuickSessionManager
Nov 26, 2018 2:38:06 PM org.apache.catalina.startup.VersionLoggerListener log
INFORMATION: Command line argument: -Dtomee.remote.support=true
Nov 26, 2018 2:38:06 PM org.apache.catalina.startup.VersionLoggerListener log
INFORMATION: Command line argument: -Dopenejb.system.apps=false
Nov 26, 2018 2:38:06 PM org.apache.catalina.startup.VersionLoggerListener log
INFORMATION: Command line argument: -Djava.util.logging.config.file=C:\opensap\address-manager\application\target\apache-tomee\conf\logging.properties
Nov 26, 2018 2:38:06 PM org.apache.catalina.startup.VersionLoggerListener log
INFORMATION: Command line argument: -javaagent:C:\opensap\address-manager\application\target\apache-tomee\lib\openejb-javaagent.jar
Nov 26, 2018 2:38:06 PM org.apache.catalina.startup.VersionLoggerListener log
INFORMATION: Command line argument: -Djava.util.logging.manager=org.apache.juli.ClassLoaderLogManager
Nov 26, 2018 2:38:06 PM org.apache.catalina.startup.VersionLoggerListener log
INFORMATION: Command line argument: -Djava.io.tmpdir=C:\opensap\address-manager\application\target\apache-tomee\temp
Nov 26, 2018 2:38:06 PM org.apache.catalina.startup.VersionLoggerListener log
INFORMATION: Command line argument: -Djava.endorsed.dirs=C:\opensap\address-manager\application\target\apache-tomee\endorsed
Nov 26, 2018 2:38:06 PM org.apache.catalina.startup.VersionLoggerListener log
INFORMATION: Command line argument: -Dcatalina.base=C:\opensap\address-manager\application\target\apache-tomee
Nov 26, 2018 2:38:06 PM org.apache.catalina.startup.VersionLoggerListener log
INFORMATION: Command line argument: -Dcatalina.home=C:\opensap\address-manager\application\target\apache-tomee
Nov 26, 2018 2:38:06 PM org.apache.catalina.startup.VersionLoggerListener log
INFORMATION: Command line argument: -Dcatalina.ext.dirs=C:\opensap\address-manager\application\target\apache-tomee\lib
Nov 26, 2018 2:38:06 PM org.apache.catalina.startup.VersionLoggerListener log
INFORMATION: Command line argument: -Dorg.apache.tomcat.util.http.ServerCookie.ALLOW_HTTP_SEPARATORS_IN_V0=true
Nov 26, 2018 2:38:06 PM org.apache.catalina.startup.VersionLoggerListener log
INFORMATION: Command line argument: -ea
Nov 26, 2018 2:38:06 PM org.apache.catalina.core.AprLifecycleListener lifecycleEvent
INFORMATION: The APR based Apache Tomcat Native library which allows optimal performance in production environments was not found on the java.library.path: C:\Program Files\Java\jdk1.8.0_191\jre\bin;C:\WINDOWS\Sun\Java\bin;C:\WINDOWS\system32;C:\WINDOWS;C:\Program Files\Java\jdk1.8.0_191\bin;C:\Program Files (x86)\NVIDIA Corporation\PhysX\Common;C:\WINDOWS\system32;C:\WINDOWS;C:\WINDOWS\System32\Wbem;C:\WINDOWS\System32\WindowsPowerShell\v1.0\;C:\WINDOWS\System32\OpenSSH\;C:\ProgramData\chocolatey\bin;C:\Users\m.kasper\AppData\Local\Microsoft\WindowsApps;;.
Nov 26, 2018 2:38:06 PM org.apache.coyote.AbstractProtocol init
INFORMATION: Initializing ProtocolHandler ["http-bio-8080"]
Nov 26, 2018 2:38:06 PM org.apache.coyote.AbstractProtocol init
INFORMATION: Initializing ProtocolHandler ["ajp-bio-8009"]
Nov 26, 2018 2:38:06 PM org.apache.openejb.util.OptionsLog info
INFORMATION: Using 'tomee.remote.support=true'
Nov 26, 2018 2:38:06 PM org.apache.openejb.util.OptionsLog info
INFORMATION: Using 'openejb.jdbc.datasource-creator=org.apache.tomee.jdbc.TomEEDataSourceCreator'
Nov 26, 2018 2:38:06 PM org.apache.openejb.OpenEJB$Instance <init>
INFORMATION: ********************************************************************************
Nov 26, 2018 2:38:06 PM org.apache.openejb.OpenEJB$Instance <init>
INFORMATION: OpenEJB http://tomee.apache.org/
Nov 26, 2018 2:38:06 PM org.apache.openejb.OpenEJB$Instance <init>
INFORMATION: Startup: Mon Nov 26 14:38:06 CET 2018
Nov 26, 2018 2:38:06 PM org.apache.openejb.OpenEJB$Instance <init>
INFORMATION: Copyright 1999-2015 (C) Apache OpenEJB/TomEE Project, All Rights Reserved.
Nov 26, 2018 2:38:06 PM org.apache.openejb.OpenEJB$Instance <init>
INFORMATION: Version: 4.7.5
Nov 26, 2018 2:38:06 PM org.apache.openejb.OpenEJB$Instance <init>
INFORMATION: Build date: 20170927
Nov 26, 2018 2:38:06 PM org.apache.openejb.OpenEJB$Instance <init>
INFORMATION: Build time: 12:02
Nov 26, 2018 2:38:06 PM org.apache.openejb.OpenEJB$Instance <init>
INFORMATION: ********************************************************************************
Nov 26, 2018 2:38:06 PM org.apache.openejb.OpenEJB$Instance <init>
INFORMATION: openejb.home = C:\opensap\address-manager\application\target\apache-tomee
Nov 26, 2018 2:38:06 PM org.apache.openejb.OpenEJB$Instance <init>
INFORMATION: openejb.base = C:\opensap\address-manager\application\target\apache-tomee
Nov 26, 2018 2:38:06 PM org.apache.openejb.cdi.CdiBuilder initializeOWB
INFORMATION: Created new singletonService org.apache.openejb.cdi.ThreadSingletonServiceImpl@60438a68
Nov 26, 2018 2:38:06 PM org.apache.openejb.cdi.CdiBuilder initializeOWB
INFORMATION: Succeeded in installing singleton service
Nov 26, 2018 2:38:06 PM org.apache.openejb.config.ConfigurationFactory init
INFORMATION: openejb configuration file is 'C:\opensap\address-manager\application\target\apache-tomee\conf\tomee.xml'
Nov 26, 2018 2:38:06 PM org.apache.openejb.config.ConfigurationFactory configureService
INFORMATION: Configuring Service(id=Tomcat Security Service, type=SecurityService, provider-id=Tomcat Security Service)
Nov 26, 2018 2:38:06 PM org.apache.openejb.config.ConfigurationFactory configureService
INFORMATION: Configuring Service(id=Default Transaction Manager, type=TransactionManager, provider-id=Default Transaction Manager)
Nov 26, 2018 2:38:06 PM org.apache.openejb.util.OptionsLog info
INFORMATION: Using 'openejb.system.apps=false'
Nov 26, 2018 2:38:06 PM org.apache.openejb.util.OptionsLog info
INFORMATION: Using 'openejb.deployments.classpath=false'
Nov 26, 2018 2:38:06 PM org.apache.openejb.assembler.classic.Assembler createRecipe
INFORMATION: Creating TransactionManager(id=Default Transaction Manager)
Nov 26, 2018 2:38:06 PM org.apache.openejb.assembler.classic.Assembler createRecipe
INFORMATION: Creating SecurityService(id=Tomcat Security Service)
Nov 26, 2018 2:38:06 PM org.apache.openejb.server.ServiceManager initServer
INFORMATION: Creating ServerService(id=cxf-rs)
Nov 26, 2018 2:38:07 PM org.apache.openejb.server.SimpleServiceManager start
INFORMATION:   ** Bound Services **
Nov 26, 2018 2:38:07 PM org.apache.openejb.server.SimpleServiceManager printRow
INFORMATION:   NAME                 IP              PORT  
Nov 26, 2018 2:38:07 PM org.apache.openejb.server.SimpleServiceManager start
INFORMATION: -------
Nov 26, 2018 2:38:07 PM org.apache.openejb.server.SimpleServiceManager start
INFORMATION: Ready!
Nov 26, 2018 2:38:07 PM org.apache.catalina.startup.Catalina load
INFORMATION: Initialization processed in 1452 ms
Nov 26, 2018 2:38:07 PM org.apache.tomee.catalina.OpenEJBNamingContextListener bindResource
INFORMATION: Importing a Tomcat Resource with id 'UserDatabase' of type 'org.apache.catalina.UserDatabase'.
Nov 26, 2018 2:38:07 PM org.apache.openejb.assembler.classic.Assembler createRecipe
INFORMATION: Creating Resource(id=UserDatabase)
Nov 26, 2018 2:38:07 PM org.apache.catalina.core.StandardService startInternal
INFORMATION: Starting service Catalina
Nov 26, 2018 2:38:07 PM org.apache.catalina.core.StandardEngine startInternal
INFORMATION: Starting Servlet Engine: Apache Tomcat (TomEE)/7.0.81 (1.7.5)
Nov 26, 2018 2:38:07 PM org.apache.catalina.startup.HostConfig deployWAR
INFORMATION: Deploying web application archive C:\opensap\address-manager\application\target\apache-tomee\webapps\ROOT.war
Nov 26, 2018 2:38:07 PM org.apache.tomee.catalina.TomcatWebAppBuilder init
INFORMATION: ------------------------- localhost -> /
Nov 26, 2018 2:38:07 PM org.apache.openejb.util.JarExtractor extract
INFORMATION: Extracting jar: C:\opensap\address-manager\application\target\apache-tomee\webapps\ROOT.war
Nov 26, 2018 2:38:07 PM org.apache.openejb.util.JarExtractor extract
INFORMATION: Extracted path: C:\opensap\address-manager\application\target\apache-tomee\webapps\ROOT
Nov 26, 2018 2:38:07 PM org.apache.openejb.util.OptionsLog info
INFORMATION: Using 'openejb.session.manager=org.apache.tomee.catalina.session.QuickSessionManager'
Nov 26, 2018 2:38:08 PM org.apache.openejb.config.ConfigurationFactory configureApplication
INFORMATION: Configuring enterprise application: C:\opensap\address-manager\application\target\apache-tomee\webapps\ROOT
Nov 26, 2018 2:38:09 PM org.apache.openejb.config.ConfigurationFactory configureService
INFORMATION: Configuring Service(id=Default Managed Container, type=Container, provider-id=Default Managed Container)
Nov 26, 2018 2:38:09 PM org.apache.openejb.config.AutoConfig createContainer
INFORMATION: Auto-creating a container for bean .Comp1678527183: Container(type=MANAGED, id=Default Managed Container)
Nov 26, 2018 2:38:09 PM org.apache.openejb.assembler.classic.Assembler createRecipe
INFORMATION: Creating Container(id=Default Managed Container)
Nov 26, 2018 2:38:09 PM org.apache.openejb.core.managed.SimplePassivater init
INFORMATION: Using directory C:\opensap\address-manager\application\target\apache-tomee\temp for stateful session passivation
Nov 26, 2018 2:38:09 PM org.apache.openejb.config.AppInfoBuilder build
INFORMATION: Enterprise application "C:\opensap\address-manager\application\target\apache-tomee\webapps\ROOT" loaded.
Nov 26, 2018 2:38:09 PM org.apache.openejb.assembler.classic.Assembler createApplication
INFORMATION: Assembling app: C:\opensap\address-manager\application\target\apache-tomee\webapps\ROOT
Nov 26, 2018 2:38:09 PM org.apache.openejb.cdi.CdiBuilder initSingleton
INFORMATION: Existing thread singleton service in SystemInstance(): org.apache.openejb.cdi.ThreadSingletonServiceImpl@60438a68
Nov 26, 2018 2:38:09 PM org.apache.openejb.cdi.OpenEJBLifecycle startApplication
INFORMATION: OpenWebBeans Container is starting...
Nov 26, 2018 2:38:09 PM org.apache.webbeans.plugins.PluginLoader startUp
INFORMATION: Adding OpenWebBeansPlugin : [CdiPlugin]
Nov 26, 2018 2:38:09 PM org.apache.webbeans.plugins.PluginLoader startUp
INFORMATION: Adding OpenWebBeansPlugin : [OpenWebBeansJsfPlugin]
Nov 26, 2018 2:38:14 PM org.apache.webbeans.config.BeansDeployer deploySingleAnnotatedType
INFORMATION: Skipping deployment of Class class com.sap.cloud.sdk.cloudplatform.auditlog.ScpCfAuditLogdue to a NoClassDefFoundError: com/sap/xs/audit/api/AuditLogMessage
Nov 26, 2018 2:38:15 PM org.apache.webbeans.config.BeansDeployer validateInjectionPoints
INFORMATION: All injection points were validated successfully.
Nov 26, 2018 2:38:15 PM org.apache.openejb.cdi.OpenEJBLifecycle startApplication
INFORMATION: OpenWebBeans Container has started, it took 6149 ms.
Nov 26, 2018 2:38:15 PM org.apache.openejb.assembler.classic.Assembler createApplication
INFORMATION: Deployed Application(path=C:\opensap\address-manager\application\target\apache-tomee\webapps\ROOT)
Nov 26, 2018 2:38:16 PM org.apache.catalina.startup.HostConfig deployWAR
INFORMATION: Deployment of web application archive C:\opensap\address-manager\application\target\apache-tomee\webapps\ROOT.war has finished in 9,517 ms
Nov 26, 2018 2:38:16 PM org.apache.coyote.AbstractProtocol start
INFORMATION: Starting ProtocolHandler ["http-bio-8080"]
Nov 26, 2018 2:38:16 PM org.apache.coyote.AbstractProtocol start
INFORMATION: Starting ProtocolHandler ["ajp-bio-8009"]
Nov 26, 2018 2:38:16 PM org.apache.catalina.startup.Catalina start
INFORMATION: Server startup in 9640 ms
Nov 26, 2018 2:40:58 PM org.apache.catalina.core.StandardServer await
INFORMATION: A valid shutdown command was received via the shutdown port. Stopping the Server instance.
Nov 26, 2018 2:40:58 PM org.apache.coyote.AbstractProtocol pause
INFORMATION: Pausing ProtocolHandler ["http-bio-8080"]
Nov 26, 2018 2:40:58 PM org.apache.coyote.AbstractProtocol pause
INFORMATION: Pausing ProtocolHandler ["ajp-bio-8009"]
Nov 26, 2018 2:40:58 PM org.apache.catalina.core.StandardService stopInternal
INFORMATION: Stopping service Catalina
Nov 26, 2018 2:40:58 PM org.apache.openejb.assembler.classic.Assembler destroyApplication
INFORMATION: Undeploying app: C:\opensap\address-manager\application\target\apache-tomee\webapps\ROOT
Nov 26, 2018 2:40:59 PM org.apache.openejb.util.OptionsLog info
INFORMATION: Using 'openjpa.Log=org.apache.openejb.openjpa.JULOpenJPALogFactory'
Nov 26, 2018 2:40:59 PM org.apache.openejb.assembler.classic.Assembler destroyApplication
INFORMATION: Undeployed app: C:\opensap\address-manager\application\target\apache-tomee\webapps\ROOT
Nov 26, 2018 2:40:59 PM org.apache.catalina.loader.WebappClassLoaderBase checkThreadLocalMapForLeaks
SCHWERWIEGEND: The web application [] created a ThreadLocal with key of type [java.lang.ThreadLocal] (value [java.lang.ThreadLocal@3b2f8e04]) and a value of type [com.netflix.hystrix.strategy.concurrency.HystrixRequestContext] (value [com.netflix.hystrix.strategy.concurrency.HystrixRequestContext@411ce888]) but failed to remove it when the web application was stopped. Threads are going to be renewed over time to try and avoid a probable memory leak.
Nov 26, 2018 2:40:59 PM org.apache.catalina.loader.WebappClassLoaderBase checkThreadLocalMapForLeaks
SCHWERWIEGEND: The web application [] created a ThreadLocal with key of type [java.lang.ThreadLocal] (value [java.lang.ThreadLocal@3b2f8e04]) and a value of type [com.netflix.hystrix.strategy.concurrency.HystrixRequestContext] (value [com.netflix.hystrix.strategy.concurrency.HystrixRequestContext@585a3673]) but failed to remove it when the web application was stopped. Threads are going to be renewed over time to try and avoid a probable memory leak.
Nov 26, 2018 2:40:59 PM org.apache.catalina.loader.WebappClassLoaderBase checkThreadLocalMapForLeaks
SCHWERWIEGEND: The web application [] created a ThreadLocal with key of type [com.netflix.hystrix.Hystrix$1] (value [com.netflix.hystrix.Hystrix$1@21c5f309]) and a value of type [com.netflix.hystrix.Hystrix.ConcurrentStack] (value [com.netflix.hystrix.Hystrix$ConcurrentStack@7bb0711]) but failed to remove it when the web application was stopped. Threads are going to be renewed over time to try and avoid a probable memory leak.
Nov 26, 2018 2:40:59 PM org.apache.coyote.AbstractProtocol stop
INFORMATION: Stopping ProtocolHandler ["http-bio-8080"]
Nov 26, 2018 2:40:59 PM org.apache.coyote.AbstractProtocol stop
INFORMATION: Stopping ProtocolHandler ["ajp-bio-8009"]
Nov 26, 2018 2:40:59 PM org.apache.openejb.server.SimpleServiceManager stop
INFORMATION: Stopping server services
Nov 26, 2018 2:40:59 PM org.apache.coyote.AbstractProtocol destroy
INFORMATION: Destroying ProtocolHandler ["http-bio-8080"]
Nov 26, 2018 2:40:59 PM org.apache.coyote.AbstractProtocol destroy
INFORMATION: Destroying ProtocolHandler ["ajp-bio-8009"]
